<?xml version="1.0" encoding="UTF-8"?>
<robot generator="Robot 7.0 (Python 3.11.2 on win32)" generated="2024-01-25T12:37:00.305278" rpa="false" schemaversion="5">
<suite id="s1" name="Fluxo Compra Amazon Testes Gherkin Bdd" source="C:\workspace-github-jonathan\robot-framework\fluxo_compra_amazon_testes_gherkin_bdd.robot">
<test id="s1-t1" name="Caso de Teste 01 - Acesso ao menu &quot;Eletrônicos&quot;" line="9">
<kw name="Abrir o navegador" owner="fluxo_compra_amazon_resources" type="SETUP">
<kw name="Open Browser" owner="SeleniumLibrary">
<msg time="2024-01-25T12:37:00.476474" level="INFO">Opening browser 'firefox' to base url 'None'.</msg>
<doc>Opens a new browser instance to the optional ``url``.</doc>
<status status="PASS" start="2024-01-25T12:37:00.475475" elapsed="6.446052"/>
</kw>
<kw name="Maximize Browser Window" owner="SeleniumLibrary">
<doc>Maximizes current browser window.</doc>
<status status="PASS" start="2024-01-25T12:37:06.921527" elapsed="0.275893"/>
</kw>
<status status="PASS" start="2024-01-25T12:37:00.475475" elapsed="6.721945"/>
</kw>
<kw name="Dado que estou na home page da Amazon.com.br" owner="fluxo_compra_amazon_resources">
<kw name="Go To" owner="SeleniumLibrary">
<msg time="2024-01-25T12:37:07.198417" level="INFO">Opening url 'http://www.amazon.com.br'</msg>
<arg>url=${URL}</arg>
<doc>Navigates the current browser window to the provided ``url``.</doc>
<status status="PASS" start="2024-01-25T12:37:07.198417" elapsed="1.326228"/>
</kw>
<kw name="Wait Until Element Is Visible" owner="SeleniumLibrary">
<arg>locator=${MENU_ELETRONICOS}</arg>
<doc>Waits until the element ``locator`` is visible.</doc>
<status status="PASS" start="2024-01-25T12:37:08.524645" elapsed="0.179520"/>
</kw>
<status status="PASS" start="2024-01-25T12:37:07.198417" elapsed="1.505748"/>
</kw>
<kw name="Quando acessar o menu Eletrônicos" owner="fluxo_compra_amazon_resources">
<kw name="Click Element" owner="SeleniumLibrary">
<msg time="2024-01-25T12:37:08.705163" level="INFO">Clicking element '//a[@href='/Eletronicos-e-Tecnologia/b/?ie=UTF8&amp;node=16209062011&amp;ref_=nav_cs_electronics'][contains(.,'Eletrônicos')]'.</msg>
<arg>locator=${MENU_ELETRONICOS}</arg>
<doc>Click the element identified by ``locator``.</doc>
<status status="PASS" start="2024-01-25T12:37:08.705163" elapsed="1.862842"/>
</kw>
<status status="PASS" start="2024-01-25T12:37:08.704165" elapsed="1.864838"/>
</kw>
<kw name="Então o título da página deve ser &quot;Eletrônicos e Tecnologia | Amazon.com.br&quot;" owner="fluxo_compra_amazon_resources" source_name="Então o título da página deve ser &quot;${TITULO}&quot;">
<kw name="Title Should Be" owner="SeleniumLibrary">
<msg time="2024-01-25T12:37:10.570998" level="INFO">Page title is 'Eletrônicos e Tecnologia | Amazon.com.br'.</msg>
<arg>title=${TITULO}</arg>
<doc>Verifies that the current page title equals ``title``.</doc>
<status status="PASS" start="2024-01-25T12:37:10.569003" elapsed="0.001995"/>
</kw>
<status status="PASS" start="2024-01-25T12:37:10.569003" elapsed="0.001995"/>
</kw>
<kw name="E o texto &quot;Eletrônicos e Tecnologia&quot; deve ser exibido na página" owner="fluxo_compra_amazon_resources" source_name="E o texto &quot;${FRASE}&quot; deve ser exibido na página">
<kw name="Wait Until Page Contains" owner="SeleniumLibrary">
<arg>text=${FRASE}</arg>
<doc>Waits until ``text`` appears on the current page.</doc>
<status status="PASS" start="2024-01-25T12:37:10.571995" elapsed="0.046874"/>
</kw>
<kw name="Wait Until Element Is Visible" owner="SeleniumLibrary">
<arg>locator=${HEADER_ELETRONICOS}</arg>
<doc>Waits until the element ``locator`` is visible.</doc>
<status status="PASS" start="2024-01-25T12:37:10.619867" elapsed="0.099734"/>
</kw>
<status status="PASS" start="2024-01-25T12:37:10.571995" elapsed="0.147606"/>
</kw>
<kw name="E a categoria &quot;Computadores e Informática&quot; deve ser exibida na página" owner="fluxo_compra_amazon_resources" source_name="E a categoria &quot;${NOME_CATEGORIA}&quot; deve ser exibida na página">
<kw name="Element Should Be Visible" owner="SeleniumLibrary">
<msg time="2024-01-25T12:37:10.753510" level="INFO">Element '//a[@aria-label='Computadores e Informática']' is displayed.</msg>
<arg>locator=//a[@aria-label='${NOME_CATEGORIA}']</arg>
<doc>Verifies that the element identified by ``locator`` is visible.</doc>
<status status="PASS" start="2024-01-25T12:37:10.720598" elapsed="0.032912"/>
</kw>
<status status="PASS" start="2024-01-25T12:37:10.719601" elapsed="0.033909"/>
</kw>
<kw name="Fechar o navegador" owner="fluxo_compra_amazon_resources" type="TEARDOWN">
<kw name="Capture Page Screenshot" owner="SeleniumLibrary">
<msg time="2024-01-25T12:37:10.942149" level="INFO" html="true">&lt;/td&gt;&lt;/tr&gt;&lt;tr&gt;&lt;td colspan="3"&gt;&lt;a href="selenium-screenshot-1.png"&gt;&lt;img src="selenium-screenshot-1.png" width="800px"&gt;&lt;/a&gt;</msg>
<doc>Takes a screenshot of the current page and embeds it into a log file.</doc>
<status status="PASS" start="2024-01-25T12:37:10.754507" elapsed="0.187642"/>
</kw>
<kw name="Close Browser" owner="SeleniumLibrary">
<doc>Closes the current browser.</doc>
<status status="PASS" start="2024-01-25T12:37:10.942149" elapsed="3.608187"/>
</kw>
<status status="PASS" start="2024-01-25T12:37:10.753510" elapsed="3.796826"/>
</kw>
<doc>Esse teste verifica o menu eletrônicos do site da Amazon.com.br
e verifica a categoria Computadores e Informática</doc>
<tag>categorias</tag>
<tag>menus</tag>
<status status="PASS" start="2024-01-25T12:37:00.474802" elapsed="14.075534"/>
</test>
<test id="s1-t2" name="Caso de Teste 02 - Pesquisa de um Produto" line="19">
<kw name="Abrir o navegador" owner="fluxo_compra_amazon_resources" type="SETUP">
<kw name="Open Browser" owner="SeleniumLibrary">
<msg time="2024-01-25T12:37:14.552322" level="INFO">Opening browser 'firefox' to base url 'None'.</msg>
<doc>Opens a new browser instance to the optional ``url``.</doc>
<status status="PASS" start="2024-01-25T12:37:14.552322" elapsed="6.266096"/>
</kw>
<kw name="Maximize Browser Window" owner="SeleniumLibrary">
<doc>Maximizes current browser window.</doc>
<status status="PASS" start="2024-01-25T12:37:20.819415" elapsed="0.272197"/>
</kw>
<status status="PASS" start="2024-01-25T12:37:14.552322" elapsed="6.539290"/>
</kw>
<kw name="Dado que estou na home page da Amazon.com.br" owner="fluxo_compra_amazon_resources">
<kw name="Go To" owner="SeleniumLibrary">
<msg time="2024-01-25T12:37:21.092251" level="INFO">Opening url 'http://www.amazon.com.br'</msg>
<arg>url=${URL}</arg>
<doc>Navigates the current browser window to the provided ``url``.</doc>
<status status="PASS" start="2024-01-25T12:37:21.092251" elapsed="0.997736"/>
</kw>
<kw name="Wait Until Element Is Visible" owner="SeleniumLibrary">
<arg>locator=${MENU_ELETRONICOS}</arg>
<doc>Waits until the element ``locator`` is visible.</doc>
<status status="PASS" start="2024-01-25T12:37:22.089987" elapsed="0.112700"/>
</kw>
<status status="PASS" start="2024-01-25T12:37:21.092251" elapsed="1.110436"/>
</kw>
<kw name="Quando pesquisar pelo produto &quot;Xbox Series S&quot;" owner="fluxo_compra_amazon_resources" source_name="Quando pesquisar pelo produto &quot;${PRODUTO}&quot;">
<kw name="Input Text" owner="SeleniumLibrary">
<msg time="2024-01-25T12:37:22.204681" level="INFO">Typing text 'Xbox Series S' into text field 'twotabsearchtextbox'.</msg>
<arg>locator=twotabsearchtextbox</arg>
<arg>text=${PRODUTO}</arg>
<doc>Types the given ``text`` into the text field identified by ``locator``.</doc>
<status status="PASS" start="2024-01-25T12:37:22.203684" elapsed="0.474732"/>
</kw>
<kw name="Click Element" owner="SeleniumLibrary">
<msg time="2024-01-25T12:37:22.679413" level="INFO">Clicking element 'nav-search-submit-button'.</msg>
<arg>locator=nav-search-submit-button</arg>
<doc>Click the element identified by ``locator``.</doc>
<status status="PASS" start="2024-01-25T12:37:22.678416" elapsed="1.157911"/>
</kw>
<status status="PASS" start="2024-01-25T12:37:22.203684" elapsed="1.632643"/>
</kw>
<kw name="Então o título da página deve ser &quot;Amazon.com.br : Xbox Series S&quot;" owner="fluxo_compra_amazon_resources" source_name="Então o título da página deve ser &quot;${TITULO}&quot;">
<kw name="Title Should Be" owner="SeleniumLibrary">
<msg time="2024-01-25T12:37:23.839319" level="INFO">Page title is 'Amazon.com.br : Xbox Series S'.</msg>
<arg>title=${TITULO}</arg>
<doc>Verifies that the current page title equals ``title``.</doc>
<status status="PASS" start="2024-01-25T12:37:23.836327" elapsed="0.002992"/>
</kw>
<status status="PASS" start="2024-01-25T12:37:23.836327" elapsed="0.002992"/>
</kw>
<kw name="E um produto da linha &quot;Xbox Series S&quot; deve ser mostrado na página" owner="fluxo_compra_amazon_resources" source_name="E um produto da linha &quot;${PRODUTO}&quot; deve ser mostrado na página">
<kw name="Wait Until Element Is Visible" owner="SeleniumLibrary">
<arg>locator=(//span[contains(.,'${PRODUTO}')])[3]</arg>
<doc>Waits until the element ``locator`` is visible.</doc>
<status status="PASS" start="2024-01-25T12:37:23.840316" elapsed="0.088763"/>
</kw>
<status status="PASS" start="2024-01-25T12:37:23.839319" elapsed="0.089760"/>
</kw>
<kw name="Fechar o navegador" owner="fluxo_compra_amazon_resources" type="TEARDOWN">
<kw name="Capture Page Screenshot" owner="SeleniumLibrary">
<msg time="2024-01-25T12:37:24.152482" level="INFO" html="true">&lt;/td&gt;&lt;/tr&gt;&lt;tr&gt;&lt;td colspan="3"&gt;&lt;a href="selenium-screenshot-2.png"&gt;&lt;img src="selenium-screenshot-2.png" width="800px"&gt;&lt;/a&gt;</msg>
<doc>Takes a screenshot of the current page and embeds it into a log file.</doc>
<status status="PASS" start="2024-01-25T12:37:23.930076" elapsed="0.222406"/>
</kw>
<kw name="Close Browser" owner="SeleniumLibrary">
<doc>Closes the current browser.</doc>
<status status="PASS" start="2024-01-25T12:37:24.152482" elapsed="3.075992"/>
</kw>
<status status="PASS" start="2024-01-25T12:37:23.930076" elapsed="3.298398"/>
</kw>
<doc>Esse teste verifica a busca de um produto</doc>
<tag>busca_produtos</tag>
<tag>lista_busca</tag>
<status status="PASS" start="2024-01-25T12:37:14.551301" elapsed="12.677173"/>
</test>
<test id="s1-t3" name="Caso de Teste 03 - Adicionar Produto no Carrinho" line="27">
<kw name="Abrir o navegador" owner="fluxo_compra_amazon_resources" type="SETUP">
<kw name="Open Browser" owner="SeleniumLibrary">
<msg time="2024-01-25T12:37:27.231130" level="INFO">Opening browser 'firefox' to base url 'None'.</msg>
<doc>Opens a new browser instance to the optional ``url``.</doc>
<status status="PASS" start="2024-01-25T12:37:27.230107" elapsed="6.032514"/>
</kw>
<kw name="Maximize Browser Window" owner="SeleniumLibrary">
<doc>Maximizes current browser window.</doc>
<status status="PASS" start="2024-01-25T12:37:33.262621" elapsed="0.266289"/>
</kw>
<status status="PASS" start="2024-01-25T12:37:27.230107" elapsed="6.298803"/>
</kw>
<kw name="Dado que estou na home page da Amazon.com.br" owner="fluxo_compra_amazon_resources">
<kw name="Go To" owner="SeleniumLibrary">
<msg time="2024-01-25T12:37:33.529908" level="INFO">Opening url 'http://www.amazon.com.br'</msg>
<arg>url=${URL}</arg>
<doc>Navigates the current browser window to the provided ``url``.</doc>
<status status="PASS" start="2024-01-25T12:37:33.529908" elapsed="1.120024"/>
</kw>
<kw name="Wait Until Element Is Visible" owner="SeleniumLibrary">
<arg>locator=${MENU_ELETRONICOS}</arg>
<doc>Waits until the element ``locator`` is visible.</doc>
<status status="PASS" start="2024-01-25T12:37:34.649932" elapsed="0.143616"/>
</kw>
<status status="PASS" start="2024-01-25T12:37:33.529908" elapsed="1.263640"/>
</kw>
<kw name="Quando adicionar o produto &quot;Console Xbox Series S&quot; no carrinho" owner="fluxo_compra_amazon_resources" source_name="Quando adicionar o produto &quot;${PRODUTO}&quot; no carrinho">
<kw name="Input Text" owner="SeleniumLibrary">
<msg time="2024-01-25T12:37:34.794546" level="INFO">Typing text 'Console Xbox Series S' into text field 'twotabsearchtextbox'.</msg>
<arg>locator=twotabsearchtextbox</arg>
<arg>text=${PRODUTO}</arg>
<doc>Types the given ``text`` into the text field identified by ``locator``.</doc>
<status status="PASS" start="2024-01-25T12:37:34.794546" elapsed="0.180518"/>
</kw>
<kw name="Click Element" owner="SeleniumLibrary">
<msg time="2024-01-25T12:37:34.976062" level="INFO">Clicking element 'nav-search-submit-button'.</msg>
<arg>locator=nav-search-submit-button</arg>
<doc>Click the element identified by ``locator``.</doc>
<status status="PASS" start="2024-01-25T12:37:34.976062" elapsed="2.475255"/>
</kw>
<kw name="Wait Until Element Is Visible" owner="SeleniumLibrary">
<arg>locator=(//span[contains(.,'${PRODUTO}')])[3]</arg>
<doc>Waits until the element ``locator`` is visible.</doc>
<status status="PASS" start="2024-01-25T12:37:37.451317" elapsed="0.017952"/>
</kw>
<kw name="Click Element" owner="SeleniumLibrary">
<msg time="2024-01-25T12:37:37.469269" level="INFO">Clicking element '//span[@class='a-size-base-plus a-color-base a-text-normal'][contains(.,'Console Xbox Series S')]'.</msg>
<arg>locator=//span[@class='a-size-base-plus a-color-base a-text-normal'][contains(.,'${PRODUTO}')]</arg>
<doc>Click the element identified by ``locator``.</doc>
<status status="PASS" start="2024-01-25T12:37:37.469269" elapsed="2.608985"/>
</kw>
<kw name="Wait Until Element Is Visible" owner="SeleniumLibrary">
<arg>locator=${BTN_ADD_CARRINHO}</arg>
<doc>Waits until the element ``locator`` is visible.</doc>
<status status="PASS" start="2024-01-25T12:37:40.078254" elapsed="0.232379"/>
</kw>
<kw name="Click Button" owner="SeleniumLibrary">
<msg time="2024-01-25T12:37:40.310633" level="INFO">Clicking button 'add-to-cart-button'.</msg>
<arg>locator=${BTN_ADD_CARRINHO}</arg>
<doc>Clicks the button identified by ``locator``.</doc>
<status status="PASS" start="2024-01-25T12:37:40.310633" elapsed="42.553468"/>
</kw>
<status status="PASS" start="2024-01-25T12:37:34.794546" elapsed="48.069555"/>
</kw>
<kw name="Então o produto &quot;Console Xbox Series S&quot; deve ser mostrado no carrinho" owner="fluxo_compra_amazon_resources" source_name="Então o produto &quot;${PRODUTO}&quot; deve ser mostrado no carrinho">
<kw name="Wait Until Element Is Visible" owner="SeleniumLibrary">
<arg>locator=${ADICIONADO_NO_CARRINHO}</arg>
<doc>Waits until the element ``locator`` is visible.</doc>
<status status="PASS" start="2024-01-25T12:38:22.865100" elapsed="0.026927"/>
</kw>
<kw name="Click Element" owner="SeleniumLibrary">
<msg time="2024-01-25T12:38:22.892027" level="INFO">Clicking element 'xpath://a[@href='/cart?ref_=sw_gtc' and normalize-space(text())='Ir para o carrinho']'.</msg>
<arg>locator=${CARRINHO}</arg>
<doc>Click the element identified by ``locator``.</doc>
<status status="PASS" start="2024-01-25T12:38:22.892027" elapsed="0.632684"/>
</kw>
<kw name="Wait Until Element Is Visible" owner="SeleniumLibrary">
<arg>locator=//span[@class='a-truncate-cut'][contains(.,'${PRODUTO}')]</arg>
<doc>Waits until the element ``locator`` is visible.</doc>
<status status="PASS" start="2024-01-25T12:38:23.524711" elapsed="0.074800"/>
</kw>
<status status="PASS" start="2024-01-25T12:38:22.865100" elapsed="0.734411"/>
</kw>
<kw name="Fechar o navegador" owner="fluxo_compra_amazon_resources" type="TEARDOWN">
<kw name="Capture Page Screenshot" owner="SeleniumLibrary">
<msg time="2024-01-25T12:38:23.689295" level="INFO" html="true">&lt;/td&gt;&lt;/tr&gt;&lt;tr&gt;&lt;td colspan="3"&gt;&lt;a href="selenium-screenshot-3.png"&gt;&lt;img src="selenium-screenshot-3.png" width="800px"&gt;&lt;/a&gt;</msg>
<doc>Takes a screenshot of the current page and embeds it into a log file.</doc>
<status status="PASS" start="2024-01-25T12:38:23.600509" elapsed="0.088786"/>
</kw>
<kw name="Close Browser" owner="SeleniumLibrary">
<doc>Closes the current browser.</doc>
<status status="PASS" start="2024-01-25T12:38:23.689295" elapsed="3.025105"/>
</kw>
<status status="PASS" start="2024-01-25T12:38:23.600509" elapsed="3.113891"/>
</kw>
<doc>Esse teste verifica a adição de um produto no carrinho de compras</doc>
<tag>adicionar_carrinho</tag>
<status status="PASS" start="2024-01-25T12:37:27.230107" elapsed="59.484767"/>
</test>
<test id="s1-t4" name="Caso de Teste 04 - Remover Produto do Carrinho" line="34">
<kw name="Abrir o navegador" owner="fluxo_compra_amazon_resources" type="SETUP">
<kw name="Open Browser" owner="SeleniumLibrary">
<msg time="2024-01-25T12:38:26.716494" level="INFO">Opening browser 'firefox' to base url 'None'.</msg>
<doc>Opens a new browser instance to the optional ``url``.</doc>
<status status="PASS" start="2024-01-25T12:38:26.716494" elapsed="6.095807"/>
</kw>
<kw name="Maximize Browser Window" owner="SeleniumLibrary">
<doc>Maximizes current browser window.</doc>
<status status="PASS" start="2024-01-25T12:38:32.812301" elapsed="0.261301"/>
</kw>
<status status="PASS" start="2024-01-25T12:38:26.716494" elapsed="6.357108"/>
</kw>
<kw name="Dado que estou na home page da Amazon.com.br" owner="fluxo_compra_amazon_resources">
<kw name="Go To" owner="SeleniumLibrary">
<msg time="2024-01-25T12:38:33.074600" level="INFO">Opening url 'http://www.amazon.com.br'</msg>
<arg>url=${URL}</arg>
<doc>Navigates the current browser window to the provided ``url``.</doc>
<status status="PASS" start="2024-01-25T12:38:33.074600" elapsed="1.036231"/>
</kw>
<kw name="Wait Until Element Is Visible" owner="SeleniumLibrary">
<arg>locator=${MENU_ELETRONICOS}</arg>
<doc>Waits until the element ``locator`` is visible.</doc>
<status status="PASS" start="2024-01-25T12:38:34.110831" elapsed="0.185504"/>
</kw>
<status status="PASS" start="2024-01-25T12:38:33.073602" elapsed="1.222733"/>
</kw>
<kw name="E existe o produto &quot;Console Xbox Series S&quot; no carrinho" owner="fluxo_compra_amazon_resources" source_name="E existe o produto &quot;${PRODUTO}&quot; no carrinho">
<kw name="Quando adicionar o produto &quot;${PRODUTO}&quot; no carrinho" owner="fluxo_compra_amazon_resources" source_name="Quando adicionar o produto &quot;${PRODUTO}&quot; no carrinho">
<kw name="Input Text" owner="SeleniumLibrary">
<msg time="2024-01-25T12:38:34.298330" level="INFO">Typing text 'Console Xbox Series S' into text field 'twotabsearchtextbox'.</msg>
<arg>locator=twotabsearchtextbox</arg>
<arg>text=${PRODUTO}</arg>
<doc>Types the given ``text`` into the text field identified by ``locator``.</doc>
<status status="PASS" start="2024-01-25T12:38:34.297332" elapsed="0.463762"/>
</kw>
<kw name="Click Element" owner="SeleniumLibrary">
<msg time="2024-01-25T12:38:34.761094" level="INFO">Clicking element 'nav-search-submit-button'.</msg>
<arg>locator=nav-search-submit-button</arg>
<doc>Click the element identified by ``locator``.</doc>
<status status="PASS" start="2024-01-25T12:38:34.761094" elapsed="1.088600"/>
</kw>
<kw name="Wait Until Element Is Visible" owner="SeleniumLibrary">
<arg>locator=(//span[contains(.,'${PRODUTO}')])[3]</arg>
<doc>Waits until the element ``locator`` is visible.</doc>
<status status="PASS" start="2024-01-25T12:38:35.849694" elapsed="0.106715"/>
</kw>
<kw name="Click Element" owner="SeleniumLibrary">
<msg time="2024-01-25T12:38:35.957407" level="INFO">Clicking element '//span[@class='a-size-base-plus a-color-base a-text-normal'][contains(.,'Console Xbox Series S')]'.</msg>
<arg>locator=//span[@class='a-size-base-plus a-color-base a-text-normal'][contains(.,'${PRODUTO}')]</arg>
<doc>Click the element identified by ``locator``.</doc>
<status status="PASS" start="2024-01-25T12:38:35.956409" elapsed="2.864894"/>
</kw>
<kw name="Wait Until Element Is Visible" owner="SeleniumLibrary">
<arg>locator=${BTN_ADD_CARRINHO}</arg>
<doc>Waits until the element ``locator`` is visible.</doc>
<status status="PASS" start="2024-01-25T12:38:38.821303" elapsed="0.057845"/>
</kw>
<kw name="Click Button" owner="SeleniumLibrary">
<msg time="2024-01-25T12:38:38.879148" level="INFO">Clicking button 'add-to-cart-button'.</msg>
<arg>locator=${BTN_ADD_CARRINHO}</arg>
<doc>Clicks the button identified by ``locator``.</doc>
<status status="PASS" start="2024-01-25T12:38:38.879148" elapsed="42.719846"/>
</kw>
<status status="PASS" start="2024-01-25T12:38:34.297332" elapsed="47.301662"/>
</kw>
<kw name="Então o produto &quot;${PRODUTO}&quot; deve ser mostrado no carrinho" owner="fluxo_compra_amazon_resources" source_name="Então o produto &quot;${PRODUTO}&quot; deve ser mostrado no carrinho">
<kw name="Wait Until Element Is Visible" owner="SeleniumLibrary">
<arg>locator=${ADICIONADO_NO_CARRINHO}</arg>
<doc>Waits until the element ``locator`` is visible.</doc>
<status status="PASS" start="2024-01-25T12:39:21.599991" elapsed="0.023936"/>
</kw>
<kw name="Click Element" owner="SeleniumLibrary">
<msg time="2024-01-25T12:39:21.624924" level="INFO">Clicking element 'xpath://a[@href='/cart?ref_=sw_gtc' and normalize-space(text())='Ir para o carrinho']'.</msg>
<arg>locator=${CARRINHO}</arg>
<doc>Click the element identified by ``locator``.</doc>
<status status="PASS" start="2024-01-25T12:39:21.623927" elapsed="0.645377"/>
</kw>
<kw name="Wait Until Element Is Visible" owner="SeleniumLibrary">
<arg>locator=//span[@class='a-truncate-cut'][contains(.,'${PRODUTO}')]</arg>
<doc>Waits until the element ``locator`` is visible.</doc>
<status status="PASS" start="2024-01-25T12:39:22.269304" elapsed="0.074242"/>
</kw>
<status status="PASS" start="2024-01-25T12:39:21.598994" elapsed="0.744552"/>
</kw>
<status status="PASS" start="2024-01-25T12:38:34.297332" elapsed="48.046214"/>
</kw>
<kw name="Quando remover o produto &quot;Console Xbox Series S&quot; do carrinho" owner="fluxo_compra_amazon_resources" source_name="Quando remover o produto &quot;${PRODUTO}&quot; do carrinho">
<kw name="Click Element" owner="SeleniumLibrary">
<msg time="2024-01-25T12:39:22.344546" level="INFO">Clicking element '//input[contains(@value,'Excluir')]'.</msg>
<arg>locator=${EXCLUIR}</arg>
<doc>Click the element identified by ``locator``.</doc>
<status status="PASS" start="2024-01-25T12:39:22.344546" elapsed="0.250565"/>
</kw>
<status status="PASS" start="2024-01-25T12:39:22.344546" elapsed="0.250565"/>
</kw>
<kw name="Então o carrinho deve ficar vazio" owner="fluxo_compra_amazon_resources">
<kw name="Wait Until Element Is Visible" owner="SeleniumLibrary">
<arg>locator=${REMOVIDO_DO_CARRINHO}</arg>
<doc>Waits until the element ``locator`` is visible.</doc>
<status status="PASS" start="2024-01-25T12:39:22.596110" elapsed="0.213555"/>
</kw>
<status status="PASS" start="2024-01-25T12:39:22.596110" elapsed="0.213555"/>
</kw>
<kw name="Fechar o navegador" owner="fluxo_compra_amazon_resources" type="TEARDOWN">
<kw name="Capture Page Screenshot" owner="SeleniumLibrary">
<msg time="2024-01-25T12:39:22.889342" level="INFO" html="true">&lt;/td&gt;&lt;/tr&gt;&lt;tr&gt;&lt;td colspan="3"&gt;&lt;a href="selenium-screenshot-4.png"&gt;&lt;img src="selenium-screenshot-4.png" width="800px"&gt;&lt;/a&gt;</msg>
<doc>Takes a screenshot of the current page and embeds it into a log file.</doc>
<status status="PASS" start="2024-01-25T12:39:22.810549" elapsed="0.078793"/>
</kw>
<kw name="Close Browser" owner="SeleniumLibrary">
<doc>Closes the current browser.</doc>
<status status="PASS" start="2024-01-25T12:39:22.889342" elapsed="3.029317"/>
</kw>
<status status="PASS" start="2024-01-25T12:39:22.810549" elapsed="3.108110"/>
</kw>
<doc>Esse teste verifica a remoção de um produto no carrinho de compras</doc>
<tag>remover_carrinho</tag>
<status status="PASS" start="2024-01-25T12:38:26.715494" elapsed="59.203165"/>
</test>
<doc>Essa suíte testa o site da Amazon.com.br</doc>
<status status="PASS" start="2024-01-25T12:37:00.307274" elapsed="145.612864"/>
</suite>
<statistics>
<total>
<stat pass="4" fail="0" skip="0">All Tests</stat>
</total>
<tag>
<stat pass="1" fail="0" skip="0">adicionar_carrinho</stat>
<stat pass="1" fail="0" skip="0">busca_produtos</stat>
<stat pass="1" fail="0" skip="0">categorias</stat>
<stat pass="1" fail="0" skip="0">lista_busca</stat>
<stat pass="1" fail="0" skip="0">menus</stat>
<stat pass="1" fail="0" skip="0">remover_carrinho</stat>
</tag>
<suite>
<stat pass="4" fail="0" skip="0" id="s1" name="Fluxo Compra Amazon Testes Gherkin Bdd">Fluxo Compra Amazon Testes Gherkin Bdd</stat>
</suite>
</statistics>
<errors>
</errors>
</robot>
